<?xml version="1.0" encoding="UTF-8"?>
<!-- Generated by org.testng.reporters.JUnitReportReporter -->
<testsuite hostname="EPBYGOMW00D3" failures="0" tests="1" name="FirstTest" time="6.362" errors="0" timestamp="2020-10-16T13:10:15 MSK" skipped="0">
  <testcase classname="FirstTest" name="ourFirstTest" time="6.362"/>
  <system-out/>
</testsuite> <!-- FirstTest -->
